2023-12-20 22:42:27,898 [INFO] - [31m[1mWARNING: This is a development server. Do not use it in a production deployment. Use a production WSGI server instead.[0m
 * Running on http://127.0.0.1:5000
2023-12-20 22:42:27,898 [INFO] - [33mPress CTRL+C to quit[0m
2023-12-20 22:42:27,898 [INFO] -  * Restarting with stat
2023-12-20 22:42:28,698 [WARNING] -  * Debugger is active!
2023-12-20 22:42:28,700 [INFO] -  * Debugger PIN: 108-425-533
2023-12-20 22:42:35,019 [INFO] - 127.0.0.1 - - [20/Dec/2023 22:42:35] "GET / HTTP/1.1" 200 -
2023-12-20 22:42:35,070 [INFO] - 127.0.0.1 - - [20/Dec/2023 22:42:35] "GET /static/style.css HTTP/1.1" 200 -
2023-12-20 22:42:35,227 [INFO] - 127.0.0.1 - - [20/Dec/2023 22:42:35] "[33mGET /favicon.ico HTTP/1.1[0m" 404 -
2023-12-20 22:42:54,130 [INFO] - Player data for curryst01 saved to per_game_data.csv
2023-12-20 22:42:54,475 [INFO] - Player data for curryst01 saved to per_minute_data.csv
2023-12-20 22:42:54,772 [INFO] - Player data for curryst01 saved to per_poss_data.csv
2023-12-20 22:42:55,196 [INFO] - Player data for curryst01 saved to playoffs_per_minute_data.csv
2023-12-20 22:42:55,509 [INFO] - Player data for curryst01 saved to playoffs_per_poss_data.csv
2023-12-20 22:42:57,202 [INFO] - Data retrieved for player: stephen curry, code: curryst01
2023-12-20 22:42:57,204 [INFO] - Data processed successfully.
2023-12-20 22:42:58,899 [INFO] - 127.0.0.1 - - [20/Dec/2023 22:42:58] "POST / HTTP/1.1" 200 -
2023-12-20 22:42:58,922 [INFO] - 127.0.0.1 - - [20/Dec/2023 22:42:58] "[36mGET /static/style.css HTTP/1.1[0m" 304 -
2024-05-03 20:12:08,550 [INFO] - [31m[1mWARNING: This is a development server. Do not use it in a production deployment. Use a production WSGI server instead.[0m
 * Running on http://127.0.0.1:5000
2024-05-03 20:12:08,550 [INFO] - [33mPress CTRL+C to quit[0m
2024-05-03 20:12:08,565 [INFO] -  * Restarting with stat
2024-05-03 20:12:09,377 [WARNING] -  * Debugger is active!
2024-05-03 20:12:09,388 [INFO] -  * Debugger PIN: 952-713-025
2024-05-03 20:12:15,939 [INFO] - 127.0.0.1 - - [03/May/2024 20:12:15] "GET / HTTP/1.1" 200 -
2024-05-03 20:12:16,011 [INFO] - 127.0.0.1 - - [03/May/2024 20:12:16] "GET /static/style.css HTTP/1.1" 200 -
2024-05-03 20:12:16,927 [INFO] - 127.0.0.1 - - [03/May/2024 20:12:16] "[33mGET /favicon.ico HTTP/1.1[0m" 404 -
2024-05-03 20:12:20,977 [INFO] - Player data for curryst01 saved to per_game_data.csv
2024-05-03 20:12:21,345 [INFO] - Player data for curryst01 saved to per_minute_data.csv
2024-05-03 20:12:21,692 [INFO] - Player data for curryst01 saved to per_poss_data.csv
2024-05-03 20:12:22,167 [INFO] - Player data for curryst01 saved to playoffs_per_minute_data.csv
2024-05-03 20:12:22,501 [INFO] - Player data for curryst01 saved to playoffs_per_poss_data.csv
2024-05-03 20:12:24,258 [INFO] - Data retrieved for player: stephen curry, code: curryst01
2024-05-03 20:12:24,258 [INFO] - Data processed successfully.
2024-05-03 20:12:25,508 [INFO] - 127.0.0.1 - - [03/May/2024 20:12:25] "POST / HTTP/1.1" 200 -
2024-05-03 20:12:25,519 [INFO] - 127.0.0.1 - - [03/May/2024 20:12:25] "[36mGET /static/style.css HTTP/1.1[0m" 304 -
2024-06-01 10:25:08,450 [INFO] - [31m[1mWARNING: This is a development server. Do not use it in a production deployment. Use a production WSGI server instead.[0m
 * Running on http://127.0.0.1:5000
2024-06-01 10:25:08,451 [INFO] - [33mPress CTRL+C to quit[0m
2024-06-01 10:25:08,455 [INFO] -  * Restarting with stat
2024-06-01 10:25:10,951 [WARNING] -  * Debugger is active!
2024-06-01 10:25:10,956 [INFO] -  * Debugger PIN: 888-350-286
2024-06-01 10:26:07,253 [INFO] - Player code generated: wembavi01
2024-06-01 10:26:10,367 [INFO] - Player stats retrieved:
    Season Age   Tm   Lg Pos   G  GS    MP   FG   FGA   FG%   3P  ...  FTA   FT%  ORB  DRB   TRB  AST  STL  BLK  TOV   PF   PTS             Awards
0  2023-24  20  SAS  NBA   C  71  71  29.7  7.8  16.7  .465  1.8  ...  5.2  .796  2.3  8.4  10.6  3.9  1.2  3.6  3.7  2.2  21.4  DEF1,ROY-1,DPOY-2

[1 rows x 31 columns]
2024-06-01 10:26:10,367 [INFO] - Column: Season
2024-06-01 10:26:10,367 [INFO] - Column: Age
2024-06-01 10:26:10,367 [INFO] - Column: Tm
2024-06-01 10:26:10,367 [INFO] - Column: Lg
2024-06-01 10:26:10,367 [INFO] - Column: Pos
2024-06-01 10:26:10,367 [INFO] - Column: G
2024-06-01 10:26:10,367 [INFO] - Column: GS
2024-06-01 10:26:10,367 [INFO] - Column: MP
2024-06-01 10:26:10,367 [INFO] - Column: FG
2024-06-01 10:26:10,367 [INFO] - Column: FGA
2024-06-01 10:26:10,367 [INFO] - Column: FG%
2024-06-01 10:26:10,367 [INFO] - Column: 3P
2024-06-01 10:26:10,367 [INFO] - Column: 3PA
2024-06-01 10:26:10,367 [INFO] - Column: 3P%
2024-06-01 10:26:10,367 [INFO] - Column: 2P
2024-06-01 10:26:10,367 [INFO] - Column: 2PA
2024-06-01 10:26:10,367 [INFO] - Column: 2P%
2024-06-01 10:26:10,367 [INFO] - Column: eFG%
2024-06-01 10:26:10,367 [INFO] - Column: FT
2024-06-01 10:26:10,367 [INFO] - Column: FTA
2024-06-01 10:26:10,367 [INFO] - Column: FT%
2024-06-01 10:26:10,367 [INFO] - Column: ORB
2024-06-01 10:26:10,367 [INFO] - Column: DRB
2024-06-01 10:26:10,367 [INFO] - Column: TRB
2024-06-01 10:26:10,367 [INFO] - Column: AST
2024-06-01 10:26:10,367 [INFO] - Column: STL
2024-06-01 10:26:10,372 [INFO] - Column: BLK
2024-06-01 10:26:10,372 [INFO] - Column: TOV
2024-06-01 10:26:10,372 [INFO] - Column: PF
2024-06-01 10:26:10,372 [INFO] - Column: PTS
2024-06-01 10:26:10,372 [INFO] - Column: Awards
2024-06-01 10:26:47,562 [INFO] - Player code generated: wembavi01
2024-06-01 10:26:50,767 [INFO] - Player stats retrieved:
    Season Age   Tm   Lg Pos   G  GS    MP   FG   FGA   FG%   3P  ...  FTA   FT%  ORB  DRB   TRB  AST  STL  BLK  TOV   PF   PTS             Awards
0  2023-24  20  SAS  NBA   C  71  71  29.7  7.8  16.7  .465  1.8  ...  5.2  .796  2.3  8.4  10.6  3.9  1.2  3.6  3.7  2.2  21.4  DEF1,ROY-1,DPOY-2

[1 rows x 31 columns]
2024-06-01 10:26:50,767 [INFO] - Column: Season
2024-06-01 10:26:50,767 [INFO] - Column: Age
2024-06-01 10:26:50,768 [INFO] - Column: Tm
2024-06-01 10:26:50,768 [INFO] - Column: Lg
2024-06-01 10:26:50,768 [INFO] - Column: Pos
2024-06-01 10:26:50,768 [INFO] - Column: G
2024-06-01 10:26:50,769 [INFO] - Column: GS
2024-06-01 10:26:50,769 [INFO] - Column: MP
2024-06-01 10:26:50,769 [INFO] - Column: FG
2024-06-01 10:26:50,769 [INFO] - Column: FGA
2024-06-01 10:26:50,769 [INFO] - Column: FG%
2024-06-01 10:26:50,770 [INFO] - Column: 3P
2024-06-01 10:26:50,770 [INFO] - Column: 3PA
2024-06-01 10:26:50,770 [INFO] - Column: 3P%
2024-06-01 10:26:50,771 [INFO] - Column: 2P
2024-06-01 10:26:50,771 [INFO] - Column: 2PA
2024-06-01 10:26:50,771 [INFO] - Column: 2P%
2024-06-01 10:26:50,771 [INFO] - Column: eFG%
2024-06-01 10:26:50,772 [INFO] - Column: FT
2024-06-01 10:26:50,772 [INFO] - Column: FTA
2024-06-01 10:26:50,772 [INFO] - Column: FT%
2024-06-01 10:26:50,773 [INFO] - Column: ORB
2024-06-01 10:26:50,773 [INFO] - Column: DRB
2024-06-01 10:26:50,773 [INFO] - Column: TRB
2024-06-01 10:26:50,774 [INFO] - Column: AST
2024-06-01 10:26:50,774 [INFO] - Column: STL
2024-06-01 10:26:50,774 [INFO] - Column: BLK
2024-06-01 10:26:50,775 [INFO] - Column: TOV
2024-06-01 10:26:50,775 [INFO] - Column: PF
2024-06-01 10:26:50,775 [INFO] - Column: PTS
2024-06-01 10:26:50,775 [INFO] - Column: Awards
2024-06-01 10:27:02,275 [INFO] - [31m[1mWARNING: This is a development server. Do not use it in a production deployment. Use a production WSGI server instead.[0m
 * Running on http://127.0.0.1:5000
2024-06-01 10:27:02,275 [INFO] - [33mPress CTRL+C to quit[0m
2024-06-01 10:27:02,285 [INFO] -  * Restarting with stat
2024-06-01 10:27:04,731 [WARNING] -  * Debugger is active!
2024-06-01 10:27:04,733 [INFO] -  * Debugger PIN: 888-350-286
2024-06-01 10:28:42,733 [INFO] - [31m[1mWARNING: This is a development server. Do not use it in a production deployment. Use a production WSGI server instead.[0m
 * Running on http://127.0.0.1:5000
2024-06-01 10:28:42,736 [INFO] - [33mPress CTRL+C to quit[0m
2024-06-01 10:28:42,740 [INFO] -  * Restarting with stat
2024-06-01 10:28:44,930 [WARNING] -  * Debugger is active!
2024-06-01 10:28:44,939 [INFO] -  * Debugger PIN: 888-350-286
2024-06-01 10:29:00,259 [INFO] - Player code generated: wembavi01
2024-06-01 10:29:02,021 [INFO] - Player stats retrieved:
    Season Age   Tm   Lg Pos   G  GS    MP   FG   FGA  ...  ORB  DRB   TRB  AST  STL  BLK  TOV   PF   PTS             Awards
0  2023-24  20  SAS  NBA   C  71  71  29.7  7.8  16.7  ...  2.3  8.4  10.6  3.9  1.2  3.6  3.7  2.2  21.4  DEF1,ROY-1,DPOY-2

[1 rows x 31 columns]
2024-06-01 10:29:02,021 [INFO] - Column: Season
2024-06-01 10:29:02,021 [INFO] - Column: Age
2024-06-01 10:29:02,021 [INFO] - Column: Tm
2024-06-01 10:29:02,021 [INFO] - Column: Lg
2024-06-01 10:29:02,021 [INFO] - Column: Pos
2024-06-01 10:29:02,022 [INFO] - Column: G
2024-06-01 10:29:02,022 [INFO] - Column: GS
2024-06-01 10:29:02,022 [INFO] - Column: MP
2024-06-01 10:29:02,022 [INFO] - Column: FG
2024-06-01 10:29:02,022 [INFO] - Column: FGA
2024-06-01 10:29:02,022 [INFO] - Column: FG%
2024-06-01 10:29:02,022 [INFO] - Column: 3P
2024-06-01 10:29:02,022 [INFO] - Column: 3PA
2024-06-01 10:29:02,022 [INFO] - Column: 3P%
2024-06-01 10:29:02,022 [INFO] - Column: 2P
2024-06-01 10:29:02,022 [INFO] - Column: 2PA
2024-06-01 10:29:02,022 [INFO] - Column: 2P%
2024-06-01 10:29:02,022 [INFO] - Column: eFG%
2024-06-01 10:29:02,022 [INFO] - Column: FT
2024-06-01 10:29:02,022 [INFO] - Column: FTA
2024-06-01 10:29:02,022 [INFO] - Column: FT%
2024-06-01 10:29:02,022 [INFO] - Column: ORB
2024-06-01 10:29:02,022 [INFO] - Column: DRB
2024-06-01 10:29:02,022 [INFO] - Column: TRB
2024-06-01 10:29:02,022 [INFO] - Column: AST
2024-06-01 10:29:02,022 [INFO] - Column: STL
2024-06-01 10:29:02,022 [INFO] - Column: BLK
2024-06-01 10:29:02,022 [INFO] - Column: TOV
2024-06-01 10:29:02,022 [INFO] - Column: PF
2024-06-01 10:29:02,022 [INFO] - Column: PTS
2024-06-01 10:29:02,022 [INFO] - Column: Awards
